{'rand_seed': 123456, 'dataset_file': 'data/sketchy_dec6_dec13_peeks_updated.tsv', 'force_preprocessing': True, 'max_imbalance_ratio': 1.25, 'skip_singleton_votes': True, 'weight_user_votes': True, 'eq3': False, 'scale_features': True, 'xgboost_params': {'n_estimators': 500, 'max_depth': 10}, 'over_sampling': 'SMOTE', 'feature_selection': 'RFECV', 'date': '2021-12-14 18:20:57', 'time': 1639506057.770314}
2021-12-14 18:20:57,770 - INFO - Loading 1 .ndjson files ...
2021-12-14 18:20:57,855 - INFO - Reading sketch votes from data/sketchy_dec6_dec13_peeks_updated.tsv ...
2021-12-14 18:20:58,136 - INFO - Computing user voting behavior ...
2021-12-14 18:20:58,137 - INFO - Computing class histogram ...
2021-12-14 18:20:58,137 - INFO - Sketches with ratio 1.0 have 40 values. Max value will be capped to 50.0
2021-12-14 18:20:58,320 - INFO - Processing dataset ...
sample list length is 105
samples length 105
labels length 105
X shape 1
y shape 1
2021-12-14 18:32:14,052 - INFO - Writing CSV files ...
2021-12-14 18:32:14,056 - INFO - Whitening samples ...
2021-12-14 18:32:14,059 - INFO - Computing model metrics ...
2021-12-14 18:32:14,059 - INFO - Will use RFECV for feature selection
2021-12-14 18:33:36,686 - INFO - Optimum number of features: 1
Features kept are: ['avg_dist']
oversampling with smote
before resampling (array([0, 1]), array([42, 42]))
after resampling (array([0, 1]), array([42, 42]))
oversampling with smote
before resampling (array([0, 1]), array([43, 41]))
after resampling (array([0, 1]), array([43, 43]))
oversampling with smote
before resampling (array([0, 1]), array([45, 39]))
after resampling (array([0, 1]), array([45, 45]))
oversampling with smote
before resampling (array([0, 1]), array([45, 39]))
after resampling (array([0, 1]), array([45, 45]))
oversampling with smote
before resampling (array([0, 1]), array([41, 43]))
after resampling (array([0, 1]), array([43, 43]))
ALL results, N=105 observations
{'balanced_accuracy': 0.8914335664335665, 'accuracy': 0.8857142857142858, 'average_precision': 0.8381024531024531, 'precision': 0.8834848484848485, 'recall': 0.888888888888889, 'f1': 0.8800330672453434, 'f1_weighted': 0.8858406901026366, 'f1_micro': 0.8857142857142858, 'f1_macro': 0.883893726605128, 'roc_auc': 0.8914335664335665, 'jaccard': 0.7871794871794873}

2021-12-14 18:33:36,987 - INFO - All done!
