{'skip_singleton_votes': False, 'weight_user_votes': True, 'scale_features': True, 'force_preprocessing': False, 'rand_seed': 123456, 'max_imbalance_ratio': 1.25, 'xgboost_params': {u'n_estimators': 100, u'max_depth': 10}, 'time': 1634608391.831557, 'date': '2021-10-18 21:53:11', 'feature_selection': u'RFECV', 'dataset_file': u'data/sketchy_dec6_dec13_peeks_updated.tsv', 'over_sampling': 'SMOTE'}
2021-10-18 21:53:11,831 - INFO - Loading 1 .ndjson files ...
2021-10-18 21:53:11,872 - INFO - Reading sketch votes from data/sketchy_dec6_dec13_peeks_updated.tsv ...
2021-10-18 21:53:11,873 - INFO - Computing user voting behavior ...
2021-10-18 21:53:11,873 - INFO - Computing class histogram ...
2021-10-18 21:53:11,873 - INFO - Sketches with ratio 1.0 have 100 values. Max value will be capped to 125.0
2021-10-18 21:53:11,998 - INFO - Processing dataset ...
2021-10-18 21:58:32,858 - INFO - Writing CSV files ...
2021-10-18 21:58:32,860 - INFO - Whitening samples ...
2021-10-18 21:58:32,862 - INFO - Selecting model features ...
2021-10-18 21:58:32,862 - INFO - Will use RFECV for feature selection
2021-10-18 22:00:34,893 - INFO - Optimum number of features: 6
2021-10-18 22:00:34,893 - INFO - Selected feature #11: sum_diff 0.16366228475
2021-10-18 22:00:34,893 - INFO - Selected feature #15: path_length 0.17730554029
2021-10-18 22:00:34,893 - INFO - Selected feature #20: std_diff 0.175714109505
2021-10-18 22:00:34,893 - INFO - Selected feature #22: hull_area 0.169783745924
2021-10-18 22:00:34,894 - INFO - Selected feature #23: aspect_ratio 0.156910250532
2021-10-18 22:00:34,894 - INFO - Selected feature #25: avg_dist 0.156624068998
2021-10-18 22:00:34,894 - INFO - Removing irrelevant model features ...
2021-10-18 22:00:34,929 - INFO - Oversampling ...
2021-10-18 22:00:34,929 - INFO - Training model ...
2021-10-18 22:00:35,581 - INFO - Computing model metrics ...
ALL results, N=125 observations
accuracy          88.57 (SD=16.23) [78.51 98.63] SE=10.06
f1                89.54 (SD=14.21) [80.74 98.35] SE=8.81
roc_auc           92.93 (SD=10.61) [86.35 99.50] SE=6.58
average_precision 94.38 (SD=8.26) [89.26 99.50] SE=5.12
recall            92.14 (SD=13.28) [83.91 100.38] SE=8.23

2021-10-18 22:00:35,774 - INFO - All done!
